#
# A fatal error has been detected by the Java Runtime Environment:
#
#  SIGSEGV (0xb) at pc=0x00000000004645e0, pid=23252, tid=140598309545792
#
# JRE version: 6.0_31-b31
# Java VM: OpenJDK 64-Bit Server VM (23.25-b01 mixed mode linux-amd64 compressed oops)
# Problematic frame:
# C  [sigserver+0x645e0]  _ZNKSt9basic_iosIcSt11char_traitsIcEE4failEv@@GLIBCXX_3.4+0x645e0
#
# Failed to write core dump. Core dumps have been disabled. To enable core dumping, try "ulimit -c unlimited" before starting Java again
#
# If you would like to submit a bug report, please include
# instructions how to reproduce the bug and visit:
#   https://bugs.launchpad.net/ubuntu/+source/openjdk-6/
# The crash happened outside the Java Virtual Machine in native code.
# See problematic frame for where to report the bug.
#

---------------  T H R E A D  ---------------

Current thread (0x0000000001ca0000):  JavaThread "main" [_thread_in_native, id=23252, stack(0x00007fff32dba000,0x00007fff32eba000)]

siginfo:si_signo=SIGSEGV: si_errno=0, si_code=1 (SEGV_MAPERR), si_addr=0x0000000000000020

Registers:
RAX=0x0000000000000010, RBX=0x0000000000000018, RCX=0x00007fdf96338730, RDX=0x00007fff32eb5de0
RSP=0x00007fff32eb5d40, RBP=0x00007fff32eb5d40, RSI=0x00007fff32eb5de0, RDI=0x0000000000000010
R8 =0x0000000001e79ee0, R9 =0x0000000000000000, R10=0x0000000000000000, R11=0x00007fdf96102d10
R12=0x0000000000408e70, R13=0x00007fff32eb7810, R14=0x0000000000000000, R15=0x0000000000000000
RIP=0x00000000004645e0, EFLAGS=0x0000000000010206, CSGSFS=0x0000000000000033, ERR=0x0000000000000004
  TRAPNO=0x000000000000000e

Top of Stack: (sp=0x00007fff32eb5d40)
0x00007fff32eb5d40:   00007fff32eb5d90 0000000000463ea2
0x00007fff32eb5d50:   00007fff32eb5de0 0000000000000010
0x00007fff32eb5d60:   00007fff32eb5d90 00000000004de559
0x00007fff32eb5d70:   00007fff32eb5de0 00007fff32eb5dff
0x00007fff32eb5d80:   00007fff32eb7810 000000000000001a
0x00007fff32eb5d90:   00007fff32eb5db0 0000000000463ac9
0x00007fff32eb5da0:   00007fff32eb5de0 0000000000000010
0x00007fff32eb5db0:   00007fff32eb5e10 00000000004621f7
0x00007fff32eb5dc0:   00000000004de559 0000000000000000
0x00007fff32eb5dd0:   0000000001c96d48 0000000000000000
0x00007fff32eb5de0:   0000000001c91858 000000000041d4f8
0x00007fff32eb5df0:   00007fff32eb5e40 00007fff32eb5e20
0x00007fff32eb5e00:   000000000000001a 0000000000408e70
0x00007fff32eb5e10:   00007fff32eb5e30 000000000040aa8b
0x00007fff32eb5e20:   0000000001c96d48 0000000000000000
0x00007fff32eb5e30:   00007fff32eb5e60 0000000000436bc0
0x00007fff32eb5e40:   0000000001c96d48 000000000000001a
0x00007fff32eb5e50:   00007fff32eb5ee0 0000000000000000
0x00007fff32eb5e60:   00007fff32eb60b0 0000000000423b33
0x00007fff32eb5e70:   0000000001c8ec18 00007fdf968efa89
0x00007fff32eb5e80:   00000000007579e7 00007fdf968f14b0
0x00007fff32eb5e90:   00000000007579e7 00000000007579e7
0x00007fff32eb5ea0:   0000000001c8ec18 00007fff32eb5f1f
0x00007fff32eb5eb0:   00007fff32eb7810 00007fdf968f15e3
0x00007fff32eb5ec0:   00007fff32eb62a0 00007fff32eb6290
0x00007fff32eb5ed0:   0000003e01c99058 0000000001c85e40
0x00007fff32eb5ee0:   0000000000000000 0000000000000000
0x00007fff32eb5ef0:   0000000000000000 00007fff32eb5f68
0x00007fff32eb5f00:   0000000001c99058 0000000001c860a8
0x00007fff32eb5f10:   00007fff32eb5f30 000000000043d1c6
0x00007fff32eb5f20:   00007fff32eb5f68 0000000001c860a8
0x00007fff32eb5f30:   00007fff32eb5f80 0000000000437aa3 

Instructions: (pc=0x00000000004645e0)
0x00000000004645c0:   5d c3 55 48 89 e5 48 89 7d f8 48 8b 45 f8 48 83
0x00000000004645d0:   c0 20 5d c3 55 48 89 e5 48 89 7d f8 48 8b 45 f8
0x00000000004645e0:   48 8b 40 10 5d c3 55 48 89 e5 48 89 7d f8 48 8b
0x00000000004645f0:   45 f8 48 83 c0 08 5d c3 55 48 89 e5 48 83 ec 30 

Register to memory mapping:

RAX=0x0000000000000010 is an unknown value
RBX=0x0000000000000018 is an unknown value
RCX=0x00007fdf96338730: <offset 0x3b8730> in /lib/x86_64-linux-gnu/libc.so.6 at 0x00007fdf95f80000
RDX=0x00007fff32eb5de0 is pointing into the stack for thread: 0x0000000001ca0000
RSP=0x00007fff32eb5d40 is pointing into the stack for thread: 0x0000000001ca0000
RBP=0x00007fff32eb5d40 is pointing into the stack for thread: 0x0000000001ca0000
RSI=0x00007fff32eb5de0 is pointing into the stack for thread: 0x0000000001ca0000
RDI=0x0000000000000010 is an unknown value
R8 =0x0000000001e79ee0 is an unknown value
R9 =0x0000000000000000 is an unknown value
R10=0x0000000000000000 is an unknown value
R11=0x00007fdf96102d10: <offset 0x182d10> in /lib/x86_64-linux-gnu/libc.so.6 at 0x00007fdf95f80000
R12=0x0000000000408e70: <offset 0x8e70> in /home/raghav/sigverse-2.2.2/bin/sigserver at 0x0000000000400000
R13=0x00007fff32eb7810 is pointing into the stack for thread: 0x0000000001ca0000
R14=0x0000000000000000 is an unknown value
R15=0x0000000000000000 is an unknown value


Stack: [0x00007fff32dba000,0x00007fff32eba000],  sp=0x00007fff32eb5d40,  free space=1007k
Native frames: (J=compiled Java code, j=interpreted, Vv=VM code, C=native code)
C  [sigserver+0x645e0]  _ZNKSt9basic_iosIcSt11char_traitsIcEE4failEv@@GLIBCXX_3.4+0x645e0
C  [sigserver+0x63ea2]  _ZNKSt9basic_iosIcSt11char_traitsIcEE4failEv@@GLIBCXX_3.4+0x63ea2
C  [sigserver+0x63ac9]  _ZNKSt9basic_iosIcSt11char_traitsIcEE4failEv@@GLIBCXX_3.4+0x63ac9
C  [sigserver+0x621f7]  _ZNKSt9basic_iosIcSt11char_traitsIcEE4failEv@@GLIBCXX_3.4+0x621f7
C  [sigserver+0xaa8b]  _ZNKSt9basic_iosIcSt11char_traitsIcEE4failEv@@GLIBCXX_3.4+0xaa8b
C  [sigserver+0x36bc0]  _ZNKSt9basic_iosIcSt11char_traitsIcEE4failEv@@GLIBCXX_3.4+0x36bc0
C  [sigserver+0x23b33]  _ZNKSt9basic_iosIcSt11char_traitsIcEE4failEv@@GLIBCXX_3.4+0x23b33
C  [sigserver+0x2d2ee]  _ZNKSt9basic_iosIcSt11char_traitsIcEE4failEv@@GLIBCXX_3.4+0x2d2ee
C  [sigserver+0x353e3]  _ZNKSt9basic_iosIcSt11char_traitsIcEE4failEv@@GLIBCXX_3.4+0x353e3
C  [sigserver+0x45905]  _ZNKSt9basic_iosIcSt11char_traitsIcEE4failEv@@GLIBCXX_3.4+0x45905


---------------  P R O C E S S  ---------------

Java Threads: ( => current thread )
  0x0000000001ded000 JavaThread "Low Memory Detector" daemon [_thread_blocked, id=23260, stack(0x00007fdf8e92a000,0x00007fdf8ea2b000)]
  0x0000000001dea800 JavaThread "C2 CompilerThread1" daemon [_thread_blocked, id=23259, stack(0x00007fdf8ea2b000,0x00007fdf8eb2c000)]
  0x0000000001de8800 JavaThread "C2 CompilerThread0" daemon [_thread_blocked, id=23258, stack(0x00007fdf8eb2c000,0x00007fdf8ec2d000)]
  0x0000000001de6000 JavaThread "Signal Dispatcher" daemon [_thread_blocked, id=23257, stack(0x00007fdf8ec2d000,0x00007fdf8ed2e000)]
  0x0000000001d97000 JavaThread "Finalizer" daemon [_thread_blocked, id=23256, stack(0x00007fdf8f411000,0x00007fdf8f512000)]
  0x0000000001d95000 JavaThread "Reference Handler" daemon [_thread_blocked, id=23255, stack(0x00007fdf8f512000,0x00007fdf8f613000)]
=>0x0000000001ca0000 JavaThread "main" [_thread_in_native, id=23252, stack(0x00007fff32dba000,0x00007fff32eba000)]

Other Threads:
  0x0000000001d86000 VMThread [stack: 0x00007fdf8f613000,0x00007fdf8f714000] [id=23254]
  0x0000000001df8000 WatcherThread [stack: 0x00007fdf8e829000,0x00007fdf8e92a000] [id=23261]

VM state:not at safepoint (normal execution)

VM Mutex/Monitor currently owned by a thread: None

Heap
 def new generation   total 17664K, used 5449K [0x00000000bc200000, 0x00000000bd520000, 0x00000000cf4a0000)
  eden space 15744K,  34% used [0x00000000bc200000, 0x00000000bc7526a8, 0x00000000bd160000)
  from space 1920K,   0% used [0x00000000bd160000, 0x00000000bd160000, 0x00000000bd340000)
  to   space 1920K,   0% used [0x00000000bd340000, 0x00000000bd340000, 0x00000000bd520000)
 tenured generation   total 39296K, used 0K [0x00000000cf4a0000, 0x00000000d1b00000, 0x00000000f5a00000)
   the space 39296K,   0% used [0x00000000cf4a0000, 0x00000000cf4a0000, 0x00000000cf4a0200, 0x00000000d1b00000)
 compacting perm gen  total 21248K, used 5560K [0x00000000f5a00000, 0x00000000f6ec0000, 0x0000000100000000)
   the space 21248K,  26% used [0x00000000f5a00000, 0x00000000f5f6e390, 0x00000000f5f6e400, 0x00000000f6ec0000)
No shared spaces configured.

Card table byte_map: [0x00007fdf8f9de000,0x00007fdf8fbfe000] byte_map_base: 0x00007fdf8f3fd000

Polling page: 0x00007fdf984e5000

Code Cache  [0x00007fdf8fbfe000, 0x00007fdf8fe6e000, 0x00007fdf92bfe000)
 total_blobs=228 nmethods=27 adapters=155 free_code_cache=48688Kb largest_free_block=49837504

Compilation events (10 events):
Event: 0.509 Thread 0x0000000001dea800 nmethod 21 0x00007fdf8fc6ea50 code [0x00007fdf8fc6eb80, 0x00007fdf8fc6ecd8]
Event: 0.510 Thread 0x0000000001dea800   22             com.sun.org.apache.xerces.internal.util.SymbolTable::addSymbol (144 bytes)
Event: 0.529 Thread 0x0000000001de8800 nmethod 2% 0x00007fdf8fc69290 code [0x00007fdf8fc69440, 0x00007fdf8fc69d48]
Event: 0.530 Thread 0x0000000001de8800   23             com.sun.org.apache.xerces.internal.impl.XMLEntityScanner::scanName (384 bytes)
Event: 0.543 Thread 0x0000000001dea800 nmethod 22 0x00007fdf8fc6f590 code [0x00007fdf8fc6f720, 0x00007fdf8fc70008]
Event: 0.551 Thread 0x0000000001dea800   24             org.web3d.parser.x3d.X3DFieldParser::ReInit (94 bytes)
Event: 0.564 Thread 0x0000000001dea800 nmethod 24 0x00007fdf8fc6e0d0 code [0x00007fdf8fc6e280, 0x00007fdf8fc6e778]
Event: 0.567 Thread 0x0000000001dea800   25             java.util.HashMap::indexFor (6 bytes)
Event: 0.567 Thread 0x0000000001dea800 nmethod 25 0x00007fdf8fc5e790 code [0x00007fdf8fc5e8c0, 0x00007fdf8fc5e8f8]
Event: 0.587 Thread 0x0000000001de8800 nmethod 23 0x00007fdf8fc72290 code [0x00007fdf8fc724e0, 0x00007fdf8fc734e0]

GC Heap History (0 events):
No events

Deoptimization events (1 events):
Event: 0.287 Thread 0x0000000001ca0000 Uncommon trap -12 fr.pc 0x00007fdf8fc62a80

Internal exceptions (10 events):
Event: 0.468 Thread 0x0000000001ca0000 Threw 0x00000000bc68d770 at /build/buildd/openjdk-6-6b31-1.13.3/build/openjdk/hotspot/src/share/vm/classfile/systemDictionary.cpp:1
Event: 0.468 Thread 0x0000000001ca0000 Threw 0x00000000bc68dd18 at /build/buildd/openjdk-6-6b31-1.13.3/build/openjdk/hotspot/src/share/vm/prims/jvm.cpp:1235
Event: 0.469 Thread 0x0000000001ca0000 Threw 0x00000000bc6965b0 at /build/buildd/openjdk-6-6b31-1.13.3/build/openjdk/hotspot/src/share/vm/classfile/systemDictionary.cpp:1
Event: 0.469 Thread 0x0000000001ca0000 Threw 0x00000000bc696b20 at /build/buildd/openjdk-6-6b31-1.13.3/build/openjdk/hotspot/src/share/vm/prims/jvm.cpp:1235
Event: 0.469 Thread 0x0000000001ca0000 Threw 0x00000000bc698890 at /build/buildd/openjdk-6-6b31-1.13.3/build/openjdk/hotspot/src/share/vm/classfile/systemDictionary.cpp:1
Event: 0.469 Thread 0x0000000001ca0000 Threw 0x00000000bc698e18 at /build/buildd/openjdk-6-6b31-1.13.3/build/openjdk/hotspot/src/share/vm/prims/jvm.cpp:1235
Event: 0.469 Thread 0x0000000001ca0000 Threw 0x00000000bc69a718 at /build/buildd/openjdk-6-6b31-1.13.3/build/openjdk/hotspot/src/share/vm/classfile/systemDictionary.cpp:1
Event: 0.469 Thread 0x0000000001ca0000 Threw 0x00000000bc69aea0 at /build/buildd/openjdk-6-6b31-1.13.3/build/openjdk/hotspot/src/share/vm/prims/jvm.cpp:1235
Event: 0.470 Thread 0x0000000001ca0000 Threw 0x00000000bc69e028 at /build/buildd/openjdk-6-6b31-1.13.3/build/openjdk/hotspot/src/share/vm/classfile/systemDictionary.cpp:1
Event: 0.470 Thread 0x0000000001ca0000 Threw 0x00000000bc69e378 at /build/buildd/openjdk-6-6b31-1.13.3/build/openjdk/hotspot/src/share/vm/prims/jvm.cpp:1235

Events (10 events):
Event: 0.469 loading class 0x0000000001fad8b0
Event: 0.469 loading class 0x0000000001fad8b0 done
Event: 0.469 loading class 0x0000000001fa8940
Event: 0.469 loading class 0x0000000001fa8940 done
Event: 0.469 loading class 0x0000000001fae770
Event: 0.469 loading class 0x0000000001fae770 done
Event: 0.470 loading class 0x0000000001f953d0
Event: 0.470 loading class 0x0000000001f953d0 done
Event: 4.138 Executing VM operation: EnableBiasedLocking
Event: 4.139 Executing VM operation: EnableBiasedLocking done


Dynamic libraries:
00400000-0054a000 r-xp 00000000 08:01 291085                             /home/raghav/sigverse-2.2.2/bin/sigserver
00749000-0074a000 r--p 00149000 08:01 291085                             /home/raghav/sigverse-2.2.2/bin/sigserver
0074a000-0074b000 rw-p 0014a000 08:01 291085                             /home/raghav/sigverse-2.2.2/bin/sigserver
0074b000-00759000 rw-p 00000000 00:00 0 
01c85000-020d5000 rw-p 00000000 00:00 0                                  [heap]
bc200000-bd520000 rw-p 00000000 00:00 0 
bd520000-cf4a0000 rw-p 00000000 00:00 0 
cf4a0000-d1b00000 rw-p 00000000 00:00 0 
d1b00000-f5a00000 rw-p 00000000 00:00 0 
f5a00000-f6ec0000 rw-p 00000000 00:00 0 
f6ec0000-100000000 rw-p 00000000 00:00 0 
7fdf68000000-7fdf68021000 rw-p 00000000 00:00 0 
7fdf68021000-7fdf6c000000 ---p 00000000 00:00 0 
7fdf70000000-7fdf7022e000 rw-p 00000000 00:00 0 
7fdf7022e000-7fdf74000000 ---p 00000000 00:00 0 
7fdf74000000-7fdf74021000 rw-p 00000000 00:00 0 
7fdf74021000-7fdf78000000 ---p 00000000 00:00 0 
7fdf78000000-7fdf78021000 rw-p 00000000 00:00 0 
7fdf78021000-7fdf7c000000 ---p 00000000 00:00 0 
7fdf7c000000-7fdf7c26c000 rw-p 00000000 00:00 0 
7fdf7c26c000-7fdf80000000 ---p 00000000 00:00 0 
7fdf80000000-7fdf80021000 rw-p 00000000 00:00 0 
7fdf80021000-7fdf84000000 ---p 00000000 00:00 0 
7fdf84000000-7fdf84021000 rw-p 00000000 00:00 0 
7fdf84021000-7fdf88000000 ---p 00000000 00:00 0 
7fdf88000000-7fdf88021000 rw-p 00000000 00:00 0 
7fdf88021000-7fdf8c000000 ---p 00000000 00:00 0 
7fdf8e790000-7fdf8e818000 rw-p 00000000 00:00 0 
7fdf8e818000-7fdf8e819000 r--s 0000c000 08:01 291254                     /home/raghav/sigverse-2.2.2/share/sigverse/jar/xj3d-xml.jar
7fdf8e819000-7fdf8e81a000 r--s 00002000 08:01 291253                     /home/raghav/sigverse-2.2.2/share/sigverse/jar/xj3d-xml-util.jar
7fdf8e81a000-7fdf8e822000 r--s 00065000 08:01 291246                     /home/raghav/sigverse-2.2.2/share/sigverse/jar/xj3d-ogl.jar
7fdf8e822000-7fdf8e829000 r--s 00015000 08:01 291245                     /home/raghav/sigverse-2.2.2/share/sigverse/jar/xj3d-norender.jar
7fdf8e829000-7fdf8e82a000 ---p 00000000 00:00 0 
7fdf8e82a000-7fdf8e92a000 rw-p 00000000 00:00 0                          [stack:23261]
7fdf8e92a000-7fdf8e92d000 ---p 00000000 00:00 0 
7fdf8e92d000-7fdf8ea2b000 rw-p 00000000 00:00 0                          [stack:23260]
7fdf8ea2b000-7fdf8ea2e000 ---p 00000000 00:00 0 
7fdf8ea2e000-7fdf8eb2c000 rw-p 00000000 00:00 0                          [stack:23259]
7fdf8eb2c000-7fdf8eb2f000 ---p 00000000 00:00 0 
7fdf8eb2f000-7fdf8ec2d000 rw-p 00000000 00:00 0                          [stack:23258]
7fdf8ec2d000-7fdf8ec30000 ---p 00000000 00:00 0 
7fdf8ec30000-7fdf8ed2e000 rw-p 00000000 00:00 0                          [stack:23257]
7fdf8ed2e000-7fdf8f411000 r--p 00000000 08:01 6986                       /usr/lib/locale/locale-archive
7fdf8f411000-7fdf8f414000 ---p 00000000 00:00 0 
7fdf8f414000-7fdf8f512000 rw-p 00000000 00:00 0                          [stack:23256]
7fdf8f512000-7fdf8f515000 ---p 00000000 00:00 0 
7fdf8f515000-7fdf8f613000 rw-p 00000000 00:00 0                          [stack:23255]
7fdf8f613000-7fdf8f614000 ---p 00000000 00:00 0 
7fdf8f614000-7fdf8f714000 rw-p 00000000 00:00 0                          [stack:23254]
7fdf8f714000-7fdf8f8ab000 r--s 01a14000 08:01 937768                     /usr/lib/jvm/java-6-openjdk-amd64/jre/lib/rt.jar
7fdf8f8ab000-7fdf8f8bf000 rw-p 00000000 00:00 0 
7fdf8f8bf000-7fdf8f9de000 rw-p 00000000 00:00 0 
7fdf8f9de000-7fdf8f9e8000 rw-p 00000000 00:00 0 
7fdf8f9e8000-7fdf8fa77000 rw-p 00000000 00:00 0 
7fdf8fa77000-7fdf8fa8b000 rw-p 00000000 00:00 0 
7fdf8fa8b000-7fdf8fbaa000 rw-p 00000000 00:00 0 
7fdf8fbaa000-7fdf8fbb5000 rw-p 00000000 00:00 0 
7fdf8fbb5000-7fdf8fbfd000 rw-p 00000000 00:00 0 
7fdf8fbfd000-7fdf8fbfe000 rw-p 00000000 00:00 0 
7fdf8fbfe000-7fdf8fe6e000 rwxp 00000000 00:00 0 
7fdf8fe6e000-7fdf92bfe000 rw-p 00000000 00:00 0 
7fdf92bfe000-7fdf92c14000 r-xp 00000000 08:01 525815                     /lib/x86_64-linux-gnu/libz.so.1.2.3.4
7fdf92c14000-7fdf92e13000 ---p 00016000 08:01 525815                     /lib/x86_64-linux-gnu/libz.so.1.2.3.4
7fdf92e13000-7fdf92e14000 r--p 00015000 08:01 525815                     /lib/x86_64-linux-gnu/libz.so.1.2.3.4
7fdf92e14000-7fdf92e15000 rw-p 00016000 08:01 525815                     /lib/x86_64-linux-gnu/libz.so.1.2.3.4
7fdf92e15000-7fdf92e1c000 r-xp 00000000 08:01 937728                     /usr/lib/jvm/java-6-openjdk-amd64/jre/lib/amd64/libzip.so
7fdf92e1c000-7fdf9301b000 ---p 00007000 08:01 937728                     /usr/lib/jvm/java-6-openjdk-amd64/jre/lib/amd64/libzip.so
7fdf9301b000-7fdf9301c000 r--p 00006000 08:01 937728                     /usr/lib/jvm/java-6-openjdk-amd64/jre/lib/amd64/libzip.so
7fdf9301c000-7fdf9301d000 rw-p 00007000 08:01 937728                     /usr/lib/jvm/java-6-openjdk-amd64/jre/lib/amd64/libzip.so
7fdf9301d000-7fdf93029000 r-xp 00000000 08:01 525755                     /lib/x86_64-linux-gnu/libnss_files-2.15.so
7fdf93029000-7fdf93228000 ---p 0000c000 08:01 525755                     /lib/x86_64-linux-gnu/libnss_files-2.15.so
7fdf93228000-7fdf93229000 r--p 0000b000 08:01 525755                     /lib/x86_64-linux-gnu/libnss_files-2.15.so
7fdf93229000-7fdf9322a000 rw-p 0000c000 08:01 525755                     /lib/x86_64-linux-gnu/libnss_files-2.15.so
7fdf9322a000-7fdf93234000 r-xp 00000000 08:01 525759                     /lib/x86_64-linux-gnu/libnss_nis-2.15.so
7fdf93234000-7fdf93434000 ---p 0000a000 08:01 525759                     /lib/x86_64-linux-gnu/libnss_nis-2.15.so
7fdf93434000-7fdf93435000 r--p 0000a000 08:01 525759                     /lib/x86_64-linux-gnu/libnss_nis-2.15.so
7fdf93435000-7fdf93436000 rw-p 0000b000 08:01 525759                     /lib/x86_64-linux-gnu/libnss_nis-2.15.so
7fdf93436000-7fdf9344d000 r-xp 00000000 08:01 525749                     /lib/x86_64-linux-gnu/libnsl-2.15.so
7fdf9344d000-7fdf9364c000 ---p 00017000 08:01 525749                     /lib/x86_64-linux-gnu/libnsl-2.15.so
7fdf9364c000-7fdf9364d000 r--p 00016000 08:01 525749                     /lib/x86_64-linux-gnu/libnsl-2.15.so
7fdf9364d000-7fdf9364e000 rw-p 00017000 08:01 525749                     /lib/x86_64-linux-gnu/libnsl-2.15.so
7fdf9364e000-7fdf93650000 rw-p 00000000 00:00 0 
7fdf93650000-7fdf93658000 r-xp 00000000 08:01 525751                     /lib/x86_64-linux-gnu/libnss_compat-2.15.so
7fdf93658000-7fdf93857000 ---p 00008000 08:01 525751                     /lib/x86_64-linux-gnu/libnss_compat-2.15.so
7fdf93857000-7fdf93858000 r--p 00007000 08:01 525751                     /lib/x86_64-linux-gnu/libnss_compat-2.15.so
7fdf93858000-7fdf93859000 rw-p 00008000 08:01 525751                     /lib/x86_64-linux-gnu/libnss_compat-2.15.so
7fdf93859000-7fdf93886000 r-xp 00000000 08:01 937726                     /usr/lib/jvm/java-6-openjdk-amd64/jre/lib/amd64/libjava.so
7fdf93886000-7fdf93a85000 ---p 0002d000 08:01 937726                     /usr/lib/jvm/java-6-openjdk-amd64/jre/lib/amd64/libjava.so
7fdf93a85000-7fdf93a86000 r--p 0002c000 08:01 937726                     /usr/lib/jvm/java-6-openjdk-amd64/jre/lib/amd64/libjava.so
7fdf93a86000-7fdf93a89000 rw-p 0002d000 08:01 937726                     /usr/lib/jvm/java-6-openjdk-amd64/jre/lib/amd64/libjava.so
7fdf93a89000-7fdf93a97000 r-xp 00000000 08:01 937744                     /usr/lib/jvm/java-6-openjdk-amd64/jre/lib/amd64/libverify.so
7fdf93a97000-7fdf93c96000 ---p 0000e000 08:01 937744                     /usr/lib/jvm/java-6-openjdk-amd64/jre/lib/amd64/libverify.so
7fdf93c96000-7fdf93c98000 r--p 0000d000 08:01 937744                     /usr/lib/jvm/java-6-openjdk-amd64/jre/lib/amd64/libverify.so
7fdf93c98000-7fdf93c99000 rw-p 0000f000 08:01 937744                     /usr/lib/jvm/java-6-openjdk-amd64/jre/lib/amd64/libverify.so
7fdf93c99000-7fdf93ca0000 r-xp 00000000 08:01 525790                     /lib/x86_64-linux-gnu/librt-2.15.so
7fdf93ca0000-7fdf93e9f000 ---p 00007000 08:01 525790                     /lib/x86_64-linux-gnu/librt-2.15.so
7fdf93e9f000-7fdf93ea0000 r--p 00006000 08:01 525790                     /lib/x86_64-linux-gnu/librt-2.15.so
7fdf93ea0000-7fdf93ea1000 rw-p 00007000 08:01 525790                     /lib/x86_64-linux-gnu/librt-2.15.so
7fdf93ea1000-7fdf93ea2000 ---p 00000000 00:00 0 
7fdf93ea2000-7fdf946a2000 rw-p 00000000 00:00 0                          [stack:23253]
7fdf946a2000-7fdf95811000 r-xp 00000000 08:01 13734                      /usr/lib/libicudata.so.48.1.1
7fdf95811000-7fdf95a10000 ---p 0116f000 08:01 13734                      /usr/lib/libicudata.so.48.1.1
7fdf95a10000-7fdf95a11000 r--p 0116e000 08:01 13734                      /usr/lib/libicudata.so.48.1.1
7fdf95a11000-7fdf95a12000 rw-p 0116f000 08:01 13734                      /usr/lib/libicudata.so.48.1.1
7fdf95a12000-7fdf95b67000 r-xp 00000000 08:01 13737                      /usr/lib/libicuuc.so.48.1.1
7fdf95b67000-7fdf95d67000 ---p 00155000 08:01 13737                      /usr/lib/libicuuc.so.48.1.1
7fdf95d67000-7fdf95d77000 r--p 00155000 08:01 13737                      /usr/lib/libicuuc.so.48.1.1
7fdf95d77000-7fdf95d78000 rw-p 00165000 08:01 13737                      /usr/lib/libicuuc.so.48.1.1
7fdf95d78000-7fdf95d7c000 rw-p 00000000 00:00 0 
7fdf95d7c000-7fdf95d7e000 r-xp 00000000 08:01 525717                     /lib/x86_64-linux-gnu/libdl-2.15.so
7fdf95d7e000-7fdf95f7e000 ---p 00002000 08:01 525717                     /lib/x86_64-linux-gnu/libdl-2.15.so
7fdf95f7e000-7fdf95f7f000 r--p 00002000 08:01 525717                     /lib/x86_64-linux-gnu/libdl-2.15.so
7fdf95f7f000-7fdf95f80000 rw-p 00003000 08:01 525717                     /lib/x86_64-linux-gnu/libdl-2.15.so
7fdf95f80000-7fdf96135000 r-xp 00000000 08:01 525704                     /lib/x86_64-linux-gnu/libc-2.15.so
7fdf96135000-7fdf96334000 ---p 001b5000 08:01 525704                     /lib/x86_64-linux-gnu/libc-2.15.so
7fdf96334000-7fdf96338000 r--p 001b4000 08:01 525704                     /lib/x86_64-linux-gnu/libc-2.15.so
7fdf96338000-7fdf9633a000 rw-p 001b8000 08:01 525704                     /lib/x86_64-linux-gnu/libc-2.15.so
7fdf9633a000-7fdf9633f000 rw-p 00000000 00:00 0 
7fdf9633f000-7fdf96354000 r-xp 00000000 08:01 525725                     /lib/x86_64-linux-gnu/libgcc_s.so.1
7fdf96354000-7fdf96553000 ---p 00015000 08:01 525725                     /lib/x86_64-linux-gnu/libgcc_s.so.1
7fdf96553000-7fdf96554000 r--p 00014000 08:01 525725                     /lib/x86_64-linux-gnu/libgcc_s.so.1
7fdf96554000-7fdf96555000 rw-p 00015000 08:01 525725                     /lib/x86_64-linux-gnu/libgcc_s.so.1
7fdf96555000-7fdf96650000 r-xp 00000000 08:01 525736                     /lib/x86_64-linux-gnu/libm-2.15.so
7fdf96650000-7fdf9684f000 ---p 000fb000 08:01 525736                     /lib/x86_64-linux-gnu/libm-2.15.so
7fdf9684f000-7fdf96850000 r--p 000fa000 08:01 525736                     /lib/x86_64-linux-gnu/libm-2.15.so
7fdf96850000-7fdf96851000 rw-p 000fb000 08:01 525736                     /lib/x86_64-linux-gnu/libm-2.15.so
7fdf96851000-7fdf96933000 r-xp 00000000 08:01 9249                       /usr/lib/x86_64-linux-gnu/libstdc++.so.6.0.16
7fdf96933000-7fdf96b32000 ---p 000e2000 08:01 9249                       /usr/lib/x86_64-linux-gnu/libstdc++.so.6.0.16
7fdf96b32000-7fdf96b3a000 r--p 000e1000 08:01 9249                       /usr/lib/x86_64-linux-gnu/libstdc++.so.6.0.16
7fdf96b3a000-7fdf96b3c000 rw-p 000e9000 08:01 9249                       /usr/lib/x86_64-linux-gnu/libstdc++.so.6.0.16
7fdf96b3c000-7fdf96b51000 rw-p 00000000 00:00 0 
7fdf96b51000-7fdf96eb6000 r-xp 00000000 08:01 16091                      /usr/lib/libxerces-c.so.28.0
7fdf96eb6000-7fdf970b5000 ---p 00365000 08:01 16091                      /usr/lib/libxerces-c.so.28.0
7fdf970b5000-7fdf970d0000 r--p 00364000 08:01 16091                      /usr/lib/libxerces-c.so.28.0
7fdf970d0000-7fdf970f2000 rw-p 0037f000 08:01 16091                      /usr/lib/libxerces-c.so.28.0
7fdf970f2000-7fdf970f3000 rw-p 00000000 00:00 0 
7fdf970f3000-7fdf971fd000 r-xp 00000000 08:01 16756                      /usr/local/lib/libode.so.3.1.0
7fdf971fd000-7fdf973fd000 ---p 0010a000 08:01 16756                      /usr/local/lib/libode.so.3.1.0
7fdf973fd000-7fdf97400000 r--p 0010a000 08:01 16756                      /usr/local/lib/libode.so.3.1.0
7fdf97400000-7fdf97402000 rw-p 0010d000 08:01 16756                      /usr/local/lib/libode.so.3.1.0
7fdf97402000-7fdf97409000 rw-p 00000000 00:00 0 
7fdf97409000-7fdf97421000 r-xp 00000000 08:01 525784                     /lib/x86_64-linux-gnu/libpthread-2.15.so
7fdf97421000-7fdf97620000 ---p 00018000 08:01 525784                     /lib/x86_64-linux-gnu/libpthread-2.15.so
7fdf97620000-7fdf97621000 r--p 00017000 08:01 525784                     /lib/x86_64-linux-gnu/libpthread-2.15.so
7fdf97621000-7fdf97622000 rw-p 00018000 08:01 525784                     /lib/x86_64-linux-gnu/libpthread-2.15.so
7fdf97622000-7fdf97626000 rw-p 00000000 00:00 0 
7fdf97626000-7fdf97ffb000 r-xp 00000000 08:01 937752                     /usr/lib/jvm/java-6-openjdk-amd64/jre/lib/amd64/server/libjvm.so
7fdf97ffb000-7fdf981fb000 ---p 009d5000 08:01 937752                     /usr/lib/jvm/java-6-openjdk-amd64/jre/lib/amd64/server/libjvm.so
7fdf981fb000-7fdf9827a000 r--p 009d5000 08:01 937752                     /usr/lib/jvm/java-6-openjdk-amd64/jre/lib/amd64/server/libjvm.so
7fdf9827a000-7fdf9829d000 rw-p 00a54000 08:01 937752                     /usr/lib/jvm/java-6-openjdk-amd64/jre/lib/amd64/server/libjvm.so
7fdf9829d000-7fdf982c7000 rw-p 00000000 00:00 0 
7fdf982c7000-7fdf982e9000 r-xp 00000000 08:01 525684                     /lib/x86_64-linux-gnu/ld-2.15.so
7fdf982e9000-7fdf982ed000 r--s 00018000 08:01 291243                     /home/raghav/sigverse-2.2.2/share/sigverse/jar/xj3d-jsai.jar
7fdf982ed000-7fdf982ef000 r--s 00012000 08:01 291241                     /home/raghav/sigverse-2.2.2/share/sigverse/jar/xj3d-java-sai.jar
7fdf982ef000-7fdf982f1000 r--s 00004000 08:01 291244                     /home/raghav/sigverse-2.2.2/share/sigverse/jar/xj3d-net.jar
7fdf982f1000-7fdf982fa000 r--s 00069000 08:01 291240                     /home/raghav/sigverse-2.2.2/share/sigverse/jar/xj3d-j3d.jar
7fdf982fa000-7fdf982fb000 r--s 00002000 08:01 291239                     /home/raghav/sigverse-2.2.2/share/sigverse/jar/xj3d-images.jar
7fdf982fb000-7fdf982ff000 r--s 0000a000 08:01 291250                     /home/raghav/sigverse-2.2.2/share/sigverse/jar/xj3d-sai.jar
7fdf982ff000-7fdf98302000 r--s 0001a000 08:01 291238                     /home/raghav/sigverse-2.2.2/share/sigverse/jar/xj3d-external-sai.jar
7fdf98302000-7fdf98305000 r--s 00028000 08:01 291237                     /home/raghav/sigverse-2.2.2/share/sigverse/jar/xj3d-ecmascript.jar
7fdf98305000-7fdf98309000 r--s 0001e000 08:01 291236                     /home/raghav/sigverse-2.2.2/share/sigverse/jar/xj3d-eai.jar
7fdf98309000-7fdf9830b000 r--s 00005000 08:01 291234                     /home/raghav/sigverse-2.2.2/share/sigverse/jar/xj3d-config.jar
7fdf9830b000-7fdf9830d000 r--s 00008000 08:01 291252                     /home/raghav/sigverse-2.2.2/share/sigverse/jar/xj3d-script-base.jar
7fdf9830d000-7fdf98310000 r--s 0001d000 08:01 291249                     /home/raghav/sigverse-2.2.2/share/sigverse/jar/xj3d-runtime.jar
7fdf98310000-7fdf98317000 r--s 00054000 08:01 937199                     /usr/lib/jvm/java-6-openjdk-common/jre/lib/resources.jar
7fdf98317000-7fdf98318000 r--s 00004000 08:01 291242                     /home/raghav/sigverse-2.2.2/share/sigverse/jar/xj3d-jaxp.jar
7fdf98318000-7fdf9831a000 r--s 00012000 08:01 291251                     /home/raghav/sigverse-2.2.2/share/sigverse/jar/xj3d-sav.jar
7fdf9831a000-7fdf9831e000 r--s 0003c000 08:01 937191                     /usr/lib/jvm/java-6-openjdk-common/jre/lib/jsse.jar
7fdf9831e000-7fdf98326000 r--s 00029000 08:01 291235                     /home/raghav/sigverse-2.2.2/share/sigverse/jar/xj3d-core.jar
7fdf98326000-7fdf9832a000 r--s 0003d000 08:01 291247                     /home/raghav/sigverse-2.2.2/share/sigverse/jar/xj3d-parser.jar
7fdf9832a000-7fdf9832c000 r--s 0000c000 08:01 291248                     /home/raghav/sigverse-2.2.2/share/sigverse/jar/xj3d-render.jar
7fdf9832c000-7fdf98335000 r--s 000cb000 08:01 291233                     /home/raghav/sigverse-2.2.2/share/sigverse/jar/xj3d-common.jar
7fdf98335000-7fdf98336000 r--s 0000a000 08:01 291230                     /home/raghav/sigverse-2.2.2/share/sigverse/jar/vlc_uri.jar
7fdf98336000-7fdf98338000 r--s 00045000 08:01 291229                     /home/raghav/sigverse-2.2.2/share/sigverse/jar/vecmath.jar
7fdf98338000-7fdf9833a000 r--s 0000b000 08:01 291228                     /home/raghav/sigverse-2.2.2/share/sigverse/jar/uri.jar
7fdf9833a000-7fdf9833c000 r--s 00005000 08:01 291227                     /home/raghav/sigverse-2.2.2/share/sigverse/jar/units-0.01.jar
7fdf9833c000-7fdf9833f000 r--s 00034000 08:01 291223                     /home/raghav/sigverse-2.2.2/share/sigverse/jar/odejava.jar
7fdf9833f000-7fdf98347000 r--s 0004f000 08:01 291222                     /home/raghav/sigverse-2.2.2/share/sigverse/jar/log4j.jar
7fdf98347000-7fdf98349000 r--s 00001000 08:01 291221                     /home/raghav/sigverse-2.2.2/share/sigverse/jar/jutils.jar
7fdf98349000-7fdf9834f000 r--s 0008c000 08:01 291220                     /home/raghav/sigverse-2.2.2/share/sigverse/jar/js.jar
7fdf9834f000-7fdf98356000 r--s 00118000 08:01 291219                     /home/raghav/sigverse-2.2.2/share/sigverse/jar/jogl.jar
7fdf98356000-7fdf98358000 r--s 00005000 08:01 291218                     /home/raghav/sigverse-2.2.2/share/sigverse/jar/joal.jar
7fdf98358000-7fdf9835a000 r--s 00008000 08:01 291217                     /home/raghav/sigverse-2.2.2/share/sigverse/jar/jinput.jar
7fdf9835a000-7fdf98362000 r--s 00063000 08:01 291216                     /home/raghav/sigverse-2.2.2/share/sigverse/jar/j3d-org.jar
7fdf98362000-7fdf98365000 r--s 00031000 08:01 291215                     /home/raghav/sigverse-2.2.2/share/sigverse/jar/httpclient.jar
7fdf98365000-7fdf9838e000 r--s 00284000 08:01 291214                     /home/raghav/sigverse-2.2.2/share/sigverse/jar/gt2-main.jar
7fdf9838e000-7fdf9838f000 r--s 00005000 08:01 291213                     /home/raghav/sigverse-2.2.2/share/sigverse/jar/gnu-regexp-1.0.8.jar
7fdf9838f000-7fdf9839c000 r--s 0002d000 08:01 291212                     /home/raghav/sigverse-2.2.2/share/sigverse/jar/geoapi.jar
7fdf9839c000-7fdf983a0000 r--s 00039000 08:01 291209                     /home/raghav/sigverse-2.2.2/share/sigverse/jar/dis.jar
7fdf983a0000-7fdf983a9000 r--s 00081000 08:01 291208                     /home/raghav/sigverse-2.2.2/share/sigverse/jar/aviatrix3d-all.jar
7fdf983a9000-7fdf983b4000 rw-p 00000000 00:00 0 
7fdf983b4000-7fdf983fd000 rw-p 00000000 00:00 0 
7fdf983fd000-7fdf98407000 rw-p 00000000 00:00 0 
7fdf98407000-7fdf984bd000 rw-p 00000000 00:00 0 
7fdf984bd000-7fdf984c5000 rw-p 00000000 00:00 0 
7fdf984c5000-7fdf984c6000 r--s 00003000 08:01 291211                     /home/raghav/sigverse-2.2.2/share/sigverse/jar/dxinput.jar
7fdf984c6000-7fdf984cb000 r--s 0003c000 08:01 291206                     /home/raghav/sigverse-2.2.2/share/sigverse/jar/FastInfoset.jar
7fdf984cb000-7fdf984cc000 r--s 00001000 08:01 291231                     /home/raghav/sigverse-2.2.2/share/sigverse/jar/xj3d-all.jar
7fdf984cc000-7fdf984cd000 r--s 00004000 08:01 291207                     /home/raghav/sigverse-2.2.2/share/sigverse/jar/X3DParser.jar
7fdf984cd000-7fdf984d0000 r--s 00031000 08:01 937201                     /usr/lib/jvm/java-6-openjdk-common/jre/lib/ext/sunjce_provider.jar
7fdf984d0000-7fdf984d3000 r--s 00077000 08:01 937205                     /usr/lib/jvm/java-6-openjdk-common/jre/lib/ext/localedata.jar
7fdf984d3000-7fdf984d5000 r--s 0000f000 08:01 937204                     /usr/lib/jvm/java-6-openjdk-common/jre/lib/ext/pulse-java.jar
7fdf984d5000-7fdf984d6000 r--s 00007000 08:01 181652                     /usr/share/java/java-atk-wrapper.jar
7fdf984d6000-7fdf984d8000 r--s 00001000 08:01 937203                     /usr/lib/jvm/java-6-openjdk-common/jre/lib/ext/dnsns.jar
7fdf984d8000-7fdf984dc000 r--s 00039000 08:01 937202                     /usr/lib/jvm/java-6-openjdk-common/jre/lib/ext/sunpkcs11.jar
7fdf984dc000-7fdf984e4000 rw-s 00000000 08:01 686830                     /tmp/hsperfdata_raghav/23252
7fdf984e4000-7fdf984e5000 rw-p 00000000 00:00 0 
7fdf984e5000-7fdf984e6000 r--p 00000000 00:00 0 
7fdf984e6000-7fdf984e9000 rw-p 00000000 00:00 0 
7fdf984e9000-7fdf984ea000 r--p 00022000 08:01 525684                     /lib/x86_64-linux-gnu/ld-2.15.so
7fdf984ea000-7fdf984ec000 rw-p 00023000 08:01 525684                     /lib/x86_64-linux-gnu/ld-2.15.so
7fff32dba000-7fff32dbd000 ---p 00000000 00:00 0 
7fff32dbe000-7fff32eba000 rw-p 00000000 00:00 0                          [stack]
7fff32ffe000-7fff33000000 r-xp 00000000 00:00 0                          [vdso]
ffffffffff600000-ffffffffff601000 r-xp 00000000 00:00 0                  [vsyscall]

VM Arguments:
jvm_args: -Djava.library.path=/tmp 
java_command: <unknown>
Launcher Type: generic

Environment Variables:
PATH=/opt/ros/hydro/bin:/usr/lib/lightdm/lightdm:/usr/local/sbin:/usr/local/bin:/usr/sbin:/usr/bin:/sbin:/bin:/usr/games:~/.bin/:/home/raghav/sigverse-2.2.2//bin
LD_LIBRARY_PATH=/usr/lib/jvm/java-6-openjdk-amd64/jre/lib/amd64/server:/opt/ros/hydro/lib::/usr/local/lib:/home/raghav/pool/lib
SHELL=/bin/bash
DISPLAY=:0

Signal Handlers:
SIGSEGV: [libjvm.so+0x83cfa0], sa_mask[0]=0x7ffbfeff, sa_flags=0x10000004
SIGBUS: [libjvm.so+0x83cfa0], sa_mask[0]=0x7ffbfeff, sa_flags=0x10000004
SIGFPE: [libjvm.so+0x6dddb0], sa_mask[0]=0x7ffbfeff, sa_flags=0x10000004
SIGPIPE: [libjvm.so+0x6dddb0], sa_mask[0]=0x7ffbfeff, sa_flags=0x10000004
SIGXFSZ: [libjvm.so+0x6dddb0], sa_mask[0]=0x7ffbfeff, sa_flags=0x10000004
SIGILL: [libjvm.so+0x6dddb0], sa_mask[0]=0x7ffbfeff, sa_flags=0x10000004
SIGUSR1: SIG_DFL, sa_mask[0]=0x00000000, sa_flags=0x00000000
SIGUSR2: [libjvm.so+0x6de1f0], sa_mask[0]=0x00000000, sa_flags=0x10000004
SIGHUP: [libjvm.so+0x6de330], sa_mask[0]=0x7ffbfeff, sa_flags=0x10000004
SIGINT: [libjvm.so+0x6de330], sa_mask[0]=0x7ffbfeff, sa_flags=0x10000004
SIGTERM: [libjvm.so+0x6de330], sa_mask[0]=0x7ffbfeff, sa_flags=0x10000004
SIGQUIT: [libjvm.so+0x6de330], sa_mask[0]=0x7ffbfeff, sa_flags=0x10000004


---------------  S Y S T E M  ---------------

OS:Ubuntu 12.04 (precise)
uname:Linux 3.11.0-26-generic #45~precise1-Ubuntu SMP Tue Jul 15 04:02:35 UTC 2014 x86_64
libc:glibc 2.15 NPTL 2.15 
rlimit: STACK 8192k, CORE 0k, NPROC 29271, NOFILE 4096, AS infinity
load average:1.86 1.43 1.25

/proc/meminfo:
MemTotal:        3765784 kB
MemFree:         1721644 kB
Buffers:          180972 kB
Cached:           702160 kB
SwapCached:         5228 kB
Active:           819332 kB
Inactive:         965008 kB
Active(anon):     306176 kB
Inactive(anon):   597680 kB
Active(file):     513156 kB
Inactive(file):   367328 kB
Unevictable:           0 kB
Mlocked:               0 kB
SwapTotal:       3913724 kB
SwapFree:        3859904 kB
Dirty:                68 kB
Writeback:             0 kB
AnonPages:        896740 kB
Mapped:            62080 kB
Shmem:              2612 kB
Slab:             165916 kB
SReclaimable:     135828 kB
SUnreclaim:        30088 kB
KernelStack:        4352 kB
PageTables:        27556 kB
NFS_Unstable:          0 kB
Bounce:                0 kB
WritebackTmp:          0 kB
CommitLimit:     5796616 kB
Committed_AS:    3782772 kB
VmallocTotal:   34359738367 kB
VmallocUsed:      298128 kB
VmallocChunk:   34359427992 kB
HardwareCorrupted:     0 kB
AnonHugePages:         0 kB
HugePages_Total:       0
HugePages_Free:        0
HugePages_Rsvd:        0
HugePages_Surp:        0
Hugepagesize:       2048 kB
DirectMap4k:       59264 kB
DirectMap2M:     3856384 kB


CPU:total 1 (1 cores per cpu, 1 threads per core) family 6 model 42 stepping 7, cmov, cx8, fxsr, mmx, sse, sse2, sse3, ssse3, sse4.1, sse4.2, popcnt, avx, tsc, tscinvbit

/proc/cpuinfo:
processor	: 0
vendor_id	: GenuineIntel
cpu family	: 6
model		: 42
model name	: Intel(R) Core(TM) i7-2620M CPU @ 2.70GHz
stepping	: 7
microcode	: 0x14
cpu MHz		: 2693.970
cache size	: 4096 KB
fpu		: yes
fpu_exception	: yes
cpuid level	: 13
wp		: yes
flags		: fpu vme de pse tsc msr pae mce cx8 apic sep mtrr pge mca cmov pat pse36 clflush dts mmx fxsr sse sse2 ss syscall nx rdtscp lm constant_tsc arch_perfmon pebs bts nopl xtopology tsc_reliable nonstop_tsc aperfmperf eagerfpu pni pclmulqdq ssse3 cx16 pcid sse4_1 sse4_2 x2apic popcnt aes xsave avx hypervisor lahf_lm ida arat epb xsaveopt pln pts dtherm
bogomips	: 5387.94
clflush size	: 64
cache_alignment	: 64
address sizes	: 40 bits physical, 48 bits virtual
power management:



Memory: 4k page, physical 3765784k(1721644k free), swap 3913724k(3859904k free)

vm_info: OpenJDK 64-Bit Server VM (23.25-b01) for linux-amd64 JRE (1.6.0_31-b31), built on Apr 18 2014 03:04:29 by "buildd" with gcc 4.6.3

time: Wed Nov 12 04:17:00 2014
elapsed time: 147 seconds

